Modifying network...
Illegal "loss percent"
client - DEBUG - Will start client (model owner) that will connect to 4 server(s)
client - INFO - time,f1
client_f1_epoch - INFO - epoch,f1
Will start 4 servers (data owners) with stdev of 1000
Splitting dataset...
class 0 will be split to each servers with this scheme [1327, 1930, 1388, 1355]
class 1 will be split to each servers with this scheme [2329, 2201, 0, 1470]
class 2 will be split to each servers with this scheme [599, 2086, 3315, 0]
class 3 will be split to each servers with this scheme [1228, 0, 316, 4456]
class 4 will be split to each servers with this scheme [1624, 2963, 1413, 0]
class 5 will be split to each servers with this scheme [1056, 2468, 0, 2476]
class 6 will be split to each servers with this scheme [2056, 0, 3361, 583]
class 7 will be split to each servers with this scheme [1034, 1322, 2825, 819]
class 8 will be split to each servers with this scheme [1496, 0, 1998, 2506]
class 9 will be split to each servers with this scheme [1346, 785, 174, 3695]
Starting servers...
***************************fmnist******************
client - DEBUG - Training starts!
client - DEBUG - Snapshoted model at 0:00:00.011908, will evaluate soon...
client - DEBUG - Evaluating the model snapshoted at 0:00:00.011908...
client - INFO - 0:00:00.011908,0.1055
client - DEBUG - Snapshoted model at 0:00:15.137098, will evaluate soon...
client - DEBUG - Evaluating the model snapshoted at 0:00:15.137098...
client - INFO - 0:00:15.137098,0.1055
client - DEBUG - dataserver-1 1 2.2871127128601074
client - DEBUG - Snapshoted model at 0:00:30.617380, will evaluate soon...
client - DEBUG - Evaluating the model snapshoted at 0:00:30.617380...
client - DEBUG - dataserver-3 1 2.3282148838043213
client - INFO - 0:00:30.617380,0.18770000000000003
client - DEBUG - dataserver-2 1 2.296078681945801
client - DEBUG - dataserver-0 1 2.3106696605682373
client - DEBUG - Smallest epoch changed, evaluating epoch 1...
client - DEBUG - Evaluating the model snapshoted at 1...
client_f1_epoch - INFO - 1,0.10380000000000002
client - DEBUG - Snapshoted model at 0:00:46.357098, will evaluate soon...
client - DEBUG - Evaluating the model snapshoted at 0:00:46.357098...
client - INFO - 0:00:46.357098,0.10380000000000002
client - DEBUG - Snapshoted model at 0:01:02.211768, will evaluate soon...
client - DEBUG - Evaluating the model snapshoted at 0:01:02.211768...
client - DEBUG - dataserver-1 2 2.053420305252075
client - INFO - 0:01:02.211768,0.10380000000000002
client - DEBUG - dataserver-3 2 2.0365943908691406
client - DEBUG - dataserver-0 2 2.18668532371521
client - DEBUG - Snapshoted model at 0:01:17.633954, will evaluate soon...
client - DEBUG - dataserver-2 2 2.3319854736328125
client - DEBUG - Smallest epoch changed, evaluating epoch 2...
client - DEBUG - Evaluating the model snapshoted at 0:01:17.633954...
client - INFO - 0:01:17.633954,0.2142
client - DEBUG - Evaluating the model snapshoted at 2...
client_f1_epoch - INFO - 2,0.10000000000000002
client - DEBUG - dataserver-1 3 1.9032552242279053
client - DEBUG - Snapshoted model at 0:01:33.160720, will evaluate soon...
client - DEBUG - Evaluating the model snapshoted at 0:01:33.160720...
client - INFO - 0:01:33.160720,0.0976
client - DEBUG - Snapshoted model at 0:01:48.517391, will evaluate soon...
client - DEBUG - Evaluating the model snapshoted at 0:01:48.517391...
client - INFO - 0:01:48.517391,0.0976
client - DEBUG - dataserver-0 3 2.4482357501983643
client - DEBUG - dataserver-3 3 2.249532699584961
client - DEBUG - dataserver-2 3 2.099057674407959
client - DEBUG - Smallest epoch changed, evaluating epoch 3...
client - DEBUG - dataserver-1 4 2.363400936126709
client - DEBUG - Evaluating the model snapshoted at 3...
client_f1_epoch - INFO - 3,0.135
client - DEBUG - Snapshoted model at 0:02:04.301046, will evaluate soon...
client - DEBUG - Evaluating the model snapshoted at 0:02:04.301046...
client - INFO - 0:02:04.301046,0.1611
client - DEBUG - Snapshoted model at 0:02:19.963194, will evaluate soon...
client - DEBUG - Evaluating the model snapshoted at 0:02:19.963194...
client - INFO - 0:02:19.963194,0.1611
client - DEBUG - dataserver-3 4 2.8297362327575684
client - DEBUG - dataserver-0 4 3.327899932861328
client - DEBUG - Snapshoted model at 0:02:35.375184, will evaluate soon...
client - DEBUG - Evaluating the model snapshoted at 0:02:35.375184...
client - DEBUG - dataserver-2 4 2.4289441108703613
client - DEBUG - Smallest epoch changed, evaluating epoch 4...
client - INFO - 0:02:35.375184,0.10000000000000002
client - DEBUG - dataserver-1 5 2.208343505859375
client - DEBUG - Evaluating the model snapshoted at 4...
client_f1_epoch - INFO - 4,0.10000000000000002
client - DEBUG - Snapshoted model at 0:02:50.934394, will evaluate soon...
client - DEBUG - Evaluating the model snapshoted at 0:02:50.934394...
client - INFO - 0:02:50.934394,0.10000000000000002
client - DEBUG - dataserver-3 5 2.254365921020508
client - DEBUG - Snapshoted model at 0:03:07.585590, will evaluate soon...
client - DEBUG - Evaluating the model snapshoted at 0:03:07.585590...
client - INFO - 0:03:07.585590,0.1003
client - DEBUG - dataserver-2 5 2.3621647357940674
client - DEBUG - dataserver-0 5 2.354973554611206
client - DEBUG - Smallest epoch changed, evaluating epoch 5...
client - DEBUG - Evaluating the model snapshoted at 5...
client_f1_epoch - INFO - 5,0.1276
client - DEBUG - Snapshoted model at 0:03:22.847770, will evaluate soon...
client - DEBUG - Evaluating the model snapshoted at 0:03:22.847770...
client - DEBUG - dataserver-1 6 2.2742042541503906
client - INFO - 0:03:22.847770,0.1276
client - DEBUG - Snapshoted model at 0:03:38.403615, will evaluate soon...
client - DEBUG - Evaluating the model snapshoted at 0:03:38.403615...
client - INFO - 0:03:38.403615,0.164
client - DEBUG - dataserver-3 6 2.201530933380127
client - DEBUG - dataserver-2 6 2.308565378189087
client - DEBUG - dataserver-0 6 2.26676082611084
client - DEBUG - Smallest epoch changed, evaluating epoch 6...
client - DEBUG - Evaluating the model snapshoted at 6...
client - DEBUG - Snapshoted model at 0:03:53.790222, will evaluate soon...
client_f1_epoch - INFO - 6,0.192
client - DEBUG - Evaluating the model snapshoted at 0:03:53.790222...
client - INFO - 0:03:53.790222,0.192
client - DEBUG - dataserver-1 7 2.2577269077301025
client - DEBUG - Snapshoted model at 0:04:09.589814, will evaluate soon...
client - DEBUG - Evaluating the model snapshoted at 0:04:09.589814...
client - INFO - 0:04:09.589814,0.1751
client - DEBUG - dataserver-2 7 2.314263343811035
client - DEBUG - dataserver-3 7 2.113903045654297
client - DEBUG - Snapshoted model at 0:04:25.428379, will evaluate soon...
client - DEBUG - Evaluating the model snapshoted at 0:04:25.428379...
client - DEBUG - dataserver-0 7 2.208204746246338
client - INFO - 0:04:25.428379,0.1616
client - DEBUG - Smallest epoch changed, evaluating epoch 7...
client - DEBUG - Evaluating the model snapshoted at 7...
client_f1_epoch - INFO - 7,0.1947
client - DEBUG - dataserver-1 8 2.098656415939331
client - DEBUG - Snapshoted model at 0:04:41.007498, will evaluate soon...
client - DEBUG - Evaluating the model snapshoted at 0:04:41.007498...
client - INFO - 0:04:41.007498,0.1904
client - DEBUG - Snapshoted model at 0:04:57.140684, will evaluate soon...
client - DEBUG - Evaluating the model snapshoted at 0:04:57.140684...
client - INFO - 0:04:57.140684,0.1904
client - DEBUG - dataserver-2 8 2.311884880065918
client - DEBUG - dataserver-3 8 1.8824462890625
client - DEBUG - Snapshoted model at 0:05:12.649335, will evaluate soon...
client - DEBUG - Evaluating the model snapshoted at 0:05:12.649335...
client - DEBUG - dataserver-0 8 2.0603442192077637
client - INFO - 0:05:12.649335,0.1509
client - DEBUG - Smallest epoch changed, evaluating epoch 8...
client - DEBUG - Evaluating the model snapshoted at 8...
client_f1_epoch - INFO - 8,0.20569999999999997
client - DEBUG - dataserver-1 9 1.9423041343688965
client - DEBUG - Snapshoted model at 0:05:27.863486, will evaluate soon...
client - DEBUG - Evaluating the model snapshoted at 0:05:27.863486...
client - INFO - 0:05:27.863486,0.2315
client - DEBUG - dataserver-2 9 2.2286739349365234
client - DEBUG - dataserver-3 9 1.7959346771240234
client - DEBUG - Snapshoted model at 0:05:43.936565, will evaluate soon...
client - DEBUG - Evaluating the model snapshoted at 0:05:43.936565...
client - INFO - 0:05:43.936565,0.4343
client - DEBUG - Snapshoted model at 0:05:59.979808, will evaluate soon...
client - DEBUG - dataserver-0 9 2.0383200645446777
client - DEBUG - Evaluating the model snapshoted at 0:05:59.979808...
client - DEBUG - Smallest epoch changed, evaluating epoch 9...
client - INFO - 0:05:59.979808,0.4343
client - DEBUG - Evaluating the model snapshoted at 9...
client_f1_epoch - INFO - 9,0.2877
client - DEBUG - dataserver-1 10 1.7739899158477783
client - DEBUG - dataserver-2 10 2.063014268875122
client - DEBUG - Snapshoted model at 0:06:15.342009, will evaluate soon...
client - DEBUG - Evaluating the model snapshoted at 0:06:15.342009...
client - DEBUG - dataserver-3 10 1.5881012678146362
client - INFO - 0:06:15.342009,0.3212
client - DEBUG - Snapshoted model at 0:06:30.978632, will evaluate soon...
client - DEBUG - Evaluating the model snapshoted at 0:06:30.978632...
client - INFO - 0:06:30.978632,0.3027
client - DEBUG - dataserver-0 10 1.8060449361801147
client - DEBUG - Smallest epoch changed, evaluating epoch 10...
client - DEBUG - Evaluating the model snapshoted at 10...
client_f1_epoch - INFO - 10,0.4341
client - DEBUG - Snapshoted model at 0:06:47.053692, will evaluate soon...
client - DEBUG - dataserver-1 11 2.0828986167907715
client - DEBUG - Evaluating the model snapshoted at 0:06:47.053692...
client - DEBUG - dataserver-2 11 1.812888741493225
client - INFO - 0:06:47.053692,0.4341
client - DEBUG - dataserver-3 11 2.0186285972595215
client - DEBUG - Snapshoted model at 0:07:03.347189, will evaluate soon...
client - DEBUG - Evaluating the model snapshoted at 0:07:03.347189...
client - INFO - 0:07:03.347189,0.3362
client - DEBUG - dataserver-0 11 1.693536400794983
client - DEBUG - Smallest epoch changed, evaluating epoch 11...
client - DEBUG - Evaluating the model snapshoted at 11...
client_f1_epoch - INFO - 11,0.3604
client - DEBUG - Snapshoted model at 0:07:20.228238, will evaluate soon...
client - DEBUG - Evaluating the model snapshoted at 0:07:20.228238...
client - INFO - 0:07:20.228238,0.3604
client - DEBUG - dataserver-1 12 1.4474173784255981
client - DEBUG - dataserver-2 12 1.7967171669006348
client - DEBUG - dataserver-3 12 1.4338164329528809
client - DEBUG - Snapshoted model at 0:07:36.057876, will evaluate soon...
client - DEBUG - Evaluating the model snapshoted at 0:07:36.057876...
client - INFO - 0:07:36.057876,0.318
client - DEBUG - dataserver-0 12 1.99147629737854
client - DEBUG - Smallest epoch changed, evaluating epoch 12...
client - DEBUG - Evaluating the model snapshoted at 12...
client_f1_epoch - INFO - 12,0.3389
client - DEBUG - Snapshoted model at 0:07:51.469012, will evaluate soon...
client - DEBUG - Evaluating the model snapshoted at 0:07:51.469012...
client - INFO - 0:07:51.469012,0.3389
client - DEBUG - dataserver-1 13 1.7159816026687622
client - DEBUG - Snapshoted model at 0:08:06.994642, will evaluate soon...
client - DEBUG - dataserver-2 13 2.214052677154541
client - DEBUG - Evaluating the model snapshoted at 0:08:06.994642...
client - DEBUG - dataserver-3 13 1.4122986793518066
client - INFO - 0:08:06.994642,0.2954
client - DEBUG - dataserver-0 13 1.6411375999450684
client - DEBUG - Smallest epoch changed, evaluating epoch 13...
client - DEBUG - Evaluating the model snapshoted at 13...
client_f1_epoch - INFO - 13,0.3487
client - DEBUG - Snapshoted model at 0:08:22.869577, will evaluate soon...
client - DEBUG - Evaluating the model snapshoted at 0:08:22.869577...
client - INFO - 0:08:22.869577,0.3487
client - DEBUG - Snapshoted model at 0:08:38.504565, will evaluate soon...
client - DEBUG - Evaluating the model snapshoted at 0:08:38.504565...
client - INFO - 0:08:38.504565,0.3487
client - DEBUG - dataserver-1 14 1.9496105909347534
client - DEBUG - dataserver-3 14 2.161179304122925
client - DEBUG - dataserver-2 14 1.9008750915527344
client - DEBUG - dataserver-0 14 1.8731261491775513
client - DEBUG - Smallest epoch changed, evaluating epoch 14...
client - DEBUG - Evaluating the model snapshoted at 14...
client_f1_epoch - INFO - 14,0.3596
client - DEBUG - Snapshoted model at 0:08:54.428219, will evaluate soon...
client - DEBUG - Evaluating the model snapshoted at 0:08:54.428219...
client - INFO - 0:08:54.428219,0.3596
client - DEBUG - Snapshoted model at 0:09:12.719345, will evaluate soon...
client - DEBUG - Evaluating the model snapshoted at 0:09:12.719345...
client - INFO - 0:09:12.719345,0.3596
client - DEBUG - dataserver-3 15 1.6615983247756958
client - DEBUG - dataserver-1 15 1.5689154863357544
client - DEBUG - dataserver-0 15 1.736934781074524
client - DEBUG - dataserver-2 15 1.6743258237838745
client - DEBUG - Smallest epoch changed, evaluating epoch 15...
client - DEBUG - Evaluating the model snapshoted at 15...
client_f1_epoch - INFO - 15,0.4814
client - DEBUG - Snapshoted model at 0:09:28.151361, will evaluate soon...
client - DEBUG - Evaluating the model snapshoted at 0:09:28.151361...
client - INFO - 0:09:28.151361,0.4814
client - DEBUG - Snapshoted model at 0:09:43.688862, will evaluate soon...
client - DEBUG - Evaluating the model snapshoted at 0:09:43.688862...
client - DEBUG - dataserver-3 16 1.3613603115081787
client - INFO - 0:09:43.688862,0.4814
client - DEBUG - dataserver-0 16 1.6512852907180786
client - DEBUG - Snapshoted model at 0:09:59.612400, will evaluate soon...
client - DEBUG - dataserver-1 16 1.3727893829345703
client - DEBUG - Evaluating the model snapshoted at 0:09:59.612400...
client - DEBUG - dataserver-2 16 1.5592870712280273
client - DEBUG - Smallest epoch changed, evaluating epoch 16...
client - INFO - 0:09:59.612400,0.4131
client - DEBUG - Evaluating the model snapshoted at 16...
client_f1_epoch - INFO - 16,0.4027
client - DEBUG - Snapshoted model at 0:10:15.179350, will evaluate soon...
client - DEBUG - Evaluating the model snapshoted at 0:10:15.179350...
client - INFO - 0:10:15.179350,0.4027
client - DEBUG - dataserver-3 17 1.8440685272216797
client - DEBUG - Snapshoted model at 0:10:32.760450, will evaluate soon...
client - DEBUG - Evaluating the model snapshoted at 0:10:32.760450...
client - DEBUG - dataserver-0 17 1.7411478757858276
client - DEBUG - dataserver-1 17 1.1409528255462646
client - INFO - 0:10:32.760450,0.4113
client - DEBUG - dataserver-2 17 1.5366687774658203
client - DEBUG - Smallest epoch changed, evaluating epoch 17...
client - DEBUG - Evaluating the model snapshoted at 17...
client_f1_epoch - INFO - 17,0.4984
client - DEBUG - Snapshoted model at 0:10:50.969877, will evaluate soon...
client - DEBUG - Evaluating the model snapshoted at 0:10:50.969877...
client - INFO - 0:10:50.969877,0.4984
client - DEBUG - dataserver-3 18 1.3255424499511719
client - DEBUG - Snapshoted model at 0:11:07.030303, will evaluate soon...
client - DEBUG - Evaluating the model snapshoted at 0:11:07.030303...
client - INFO - 0:11:07.030303,0.5136
client - DEBUG - dataserver-1 18 1.190420150756836
client - DEBUG - dataserver-0 18 1.309085488319397
client - DEBUG - Snapshoted model at 0:11:23.771117, will evaluate soon...
client - DEBUG - Evaluating the model snapshoted at 0:11:23.771117...
client - INFO - 0:11:23.771117,0.3987
client - DEBUG - dataserver-2 18 1.2754255533218384
client - DEBUG - Smallest epoch changed, evaluating epoch 18...
client - DEBUG - Evaluating the model snapshoted at 18...
client_f1_epoch - INFO - 18,0.2868
client - DEBUG - dataserver-3 19 1.3021174669265747
client - DEBUG - Snapshoted model at 0:11:39.776141, will evaluate soon...
client - DEBUG - Evaluating the model snapshoted at 0:11:39.776141...
client - INFO - 0:11:39.776141,0.3296
client - DEBUG - dataserver-0 19 1.7739317417144775
client - DEBUG - dataserver-1 19 1.451695442199707
client - DEBUG - Snapshoted model at 0:11:55.455183, will evaluate soon...
client - DEBUG - Evaluating the model snapshoted at 0:11:55.455183...
client - INFO - 0:11:55.455183,0.3748
client - DEBUG - dataserver-2 19 1.2559354305267334
client - DEBUG - Smallest epoch changed, evaluating epoch 19...
client - DEBUG - Evaluating the model snapshoted at 19...
client_f1_epoch - INFO - 19,0.4105
client - DEBUG - Snapshoted model at 0:12:11.203064, will evaluate soon...
client - DEBUG - dataserver-3 20 1.6645184755325317
client - DEBUG - Evaluating the model snapshoted at 0:12:11.203064...
client - INFO - 0:12:11.203064,0.4105
client - DEBUG - dataserver-0 20 1.4384845495224
client - DEBUG - dataserver-1 20 1.9458314180374146
client - DEBUG - Snapshoted model at 0:12:27.153622, will evaluate soon...
client - DEBUG - Evaluating the model snapshoted at 0:12:27.153622...
client - INFO - 0:12:27.153622,0.4102
client - DEBUG - Snapshoted model at 0:12:42.824410, will evaluate soon...
client - DEBUG - Evaluating the model snapshoted at 0:12:42.824410...
client - DEBUG - dataserver-2 20 2.1889209747314453
client - DEBUG - Smallest epoch changed, evaluating epoch 20...
client - DEBUG - dataserver-3 21 0.9672473073005676
client - INFO - 0:12:42.824410,0.4102
client - DEBUG - Evaluating the model snapshoted at 20...
client_f1_epoch - INFO - 20,0.2639
client - DEBUG - dataserver-0 21 1.609876036643982
client - DEBUG - dataserver-1 21 1.5699353218078613
client - DEBUG - Snapshoted model at 0:12:58.213375, will evaluate soon...
client - DEBUG - Evaluating the model snapshoted at 0:12:58.213375...
client - INFO - 0:12:58.213375,0.4193
client - DEBUG - Snapshoted model at 0:13:14.262867, will evaluate soon...
client - DEBUG - dataserver-3 22 1.7971051931381226
client - DEBUG - Evaluating the model snapshoted at 0:13:14.262867...
client - DEBUG - dataserver-2 21 1.6928104162216187
client - DEBUG - Smallest epoch changed, evaluating epoch 21...
client - INFO - 0:13:14.262867,0.4193
client - DEBUG - Evaluating the model snapshoted at 21...
client - DEBUG - dataserver-1 22 1.4519917964935303
client - DEBUG - dataserver-0 22 1.695043921470642
client_f1_epoch - INFO - 21,0.4358000000000001
client - DEBUG - Snapshoted model at 0:13:29.645516, will evaluate soon...
client - DEBUG - Evaluating the model snapshoted at 0:13:29.645516...
client - INFO - 0:13:29.645516,0.4335
client - DEBUG - dataserver-3 23 1.5646625757217407
client - DEBUG - Snapshoted model at 0:13:46.529136, will evaluate soon...
client - DEBUG - Evaluating the model snapshoted at 0:13:46.529136...
client - INFO - 0:13:46.529136,0.4587
client - DEBUG - dataserver-1 23 1.5537248849868774
client - DEBUG - dataserver-2 22 1.9056099653244019
client - DEBUG - Smallest epoch changed, evaluating epoch 22...
client - DEBUG - Evaluating the model snapshoted at 22...
client - DEBUG - dataserver-0 23 1.5355489253997803
client_f1_epoch - INFO - 22,0.4628
client - DEBUG - Snapshoted model at 0:14:02.062205, will evaluate soon...
client - DEBUG - Evaluating the model snapshoted at 0:14:02.062205...
client - DEBUG - dataserver-3 24 1.1706610918045044
client - INFO - 0:14:02.062205,0.452
client - DEBUG - dataserver-1 24 1.1972163915634155
client - DEBUG - Snapshoted model at 0:14:18.240167, will evaluate soon...
client - DEBUG - Evaluating the model snapshoted at 0:14:18.240167...
client - INFO - 0:14:18.240167,0.5022
client - DEBUG - dataserver-2 23 2.071908473968506
client - DEBUG - dataserver-0 24 1.648056149482727
client - DEBUG - Smallest epoch changed, evaluating epoch 23...
client - DEBUG - Evaluating the model snapshoted at 23...
client_f1_epoch - INFO - 23,0.5735
client - DEBUG - Snapshoted model at 0:14:33.887176, will evaluate soon...
client - DEBUG - Evaluating the model snapshoted at 0:14:33.887176...
client - DEBUG - dataserver-3 25 0.8269715905189514
client - INFO - 0:14:33.887176,0.5735
client - DEBUG - dataserver-1 25 1.0206187963485718
client - DEBUG - Snapshoted model at 0:14:50.270033, will evaluate soon...
client - DEBUG - Evaluating the model snapshoted at 0:14:50.270033...
client - INFO - 0:14:50.270033,0.4802
client - DEBUG - dataserver-0 25 1.73050057888031
client - DEBUG - dataserver-2 24 1.1611460447311401
client - DEBUG - Smallest epoch changed, evaluating epoch 24...
client - DEBUG - Evaluating the model snapshoted at 24...
client_f1_epoch - INFO - 24,0.4525
client - DEBUG - Snapshoted model at 0:15:06.133991, will evaluate soon...
client - DEBUG - dataserver-3 26 1.6853721141815186
client - DEBUG - Evaluating the model snapshoted at 0:15:06.133991...
client - INFO - 0:15:06.133991,0.4525
client - DEBUG - dataserver-1 26 1.8380836248397827
client - DEBUG - Snapshoted model at 0:15:21.643964, will evaluate soon...
client - DEBUG - dataserver-0 26 1.6324981451034546
client - DEBUG - Evaluating the model snapshoted at 0:15:21.643964...
client - INFO - 0:15:21.643964,0.5749
client - DEBUG - dataserver-2 25 1.0830878019332886
client - DEBUG - Smallest epoch changed, evaluating epoch 25...
client - DEBUG - Evaluating the model snapshoted at 25...
client_f1_epoch - INFO - 25,0.5267
client - DEBUG - dataserver-3 27 1.4927538633346558
client - DEBUG - Snapshoted model at 0:15:37.595328, will evaluate soon...
client - DEBUG - Evaluating the model snapshoted at 0:15:37.595328...
client - INFO - 0:15:37.595328,0.5937
client - DEBUG - dataserver-1 27 1.3848540782928467
client - DEBUG - Snapshoted model at 0:15:53.129974, will evaluate soon...
client - DEBUG - Evaluating the model snapshoted at 0:15:53.129974...
client - DEBUG - dataserver-0 27 1.51854407787323
client - INFO - 0:15:53.129974,0.458
client - DEBUG - dataserver-2 26 1.2238696813583374
client - DEBUG - Smallest epoch changed, evaluating epoch 26...
client - DEBUG - Evaluating the model snapshoted at 26...
client - DEBUG - dataserver-3 28 1.1254796981811523
client_f1_epoch - INFO - 26,0.5096
client - DEBUG - dataserver-1 28 1.1267257928848267
client - DEBUG - Snapshoted model at 0:16:10.308846, will evaluate soon...
client - DEBUG - Evaluating the model snapshoted at 0:16:10.308846...
client - INFO - 0:16:10.308846,0.5222
client - DEBUG - Snapshoted model at 0:16:25.840436, will evaluate soon...
client - DEBUG - Evaluating the model snapshoted at 0:16:25.840436...
client - INFO - 0:16:25.840436,0.5222
client - DEBUG - dataserver-0 28 1.2383455038070679
client - DEBUG - dataserver-2 27 1.4161961078643799
client - DEBUG - Smallest epoch changed, evaluating epoch 27...
client - DEBUG - Evaluating the model snapshoted at 27...
client - DEBUG - dataserver-3 29 0.6969692707061768
client - DEBUG - dataserver-1 29 1.0535939931869507
client_f1_epoch - INFO - 27,0.5743
client - DEBUG - Snapshoted model at 0:16:41.708752, will evaluate soon...
client - DEBUG - Evaluating the model snapshoted at 0:16:41.708752...
client - INFO - 0:16:41.708752,0.5274
client - DEBUG - Snapshoted model at 0:16:58.346808, will evaluate soon...
client - DEBUG - Evaluating the model snapshoted at 0:16:58.346808...
client - INFO - 0:16:58.346808,0.5274
client - DEBUG - dataserver-2 28 0.8078047633171082
client - DEBUG - Smallest epoch changed, evaluating epoch 28...
client - DEBUG - Evaluating the model snapshoted at 28...
client - DEBUG - dataserver-3 30 1.0713715553283691
client_f1_epoch - INFO - 28,0.5294
client - DEBUG - dataserver-1 30 1.3881099224090576
client - DEBUG - dataserver-0 29 0.9499845504760742
client - DEBUG - Snapshoted model at 0:17:14.428334, will evaluate soon...
client - DEBUG - Evaluating the model snapshoted at 0:17:14.428334...
client - INFO - 0:17:14.428334,0.5561
client - DEBUG - Snapshoted model at 0:17:30.303519, will evaluate soon...
client - DEBUG - Evaluating the model snapshoted at 0:17:30.303519...
client - INFO - 0:17:30.303519,0.5561
client - DEBUG - dataserver-2 29 1.0740169286727905
client - DEBUG - Smallest epoch changed, evaluating epoch 29...
client - DEBUG - dataserver-3 31 0.7329825758934021
client - DEBUG - dataserver-1 31 0.8963178992271423
client - DEBUG - Evaluating the model snapshoted at 29...
client - DEBUG - dataserver-0 30 1.262356162071228
client_f1_epoch - INFO - 29,0.5928
client - DEBUG - Snapshoted model at 0:17:45.596197, will evaluate soon...
client - DEBUG - Evaluating the model snapshoted at 0:17:45.596197...
client - INFO - 0:17:45.596197,0.5819
client - DEBUG - Snapshoted model at 0:18:01.668806, will evaluate soon...
client - DEBUG - Evaluating the model snapshoted at 0:18:01.668806...
client - INFO - 0:18:01.668806,0.5819
client - DEBUG - dataserver-1 32 0.7110243439674377
client - DEBUG - Snapshoted model at 0:18:17.304543, will evaluate soon...
client - DEBUG - dataserver-3 32 1.104225993156433
client - DEBUG - Evaluating the model snapshoted at 0:18:17.304543...
client - INFO - 0:18:17.304543,0.5948
client - DEBUG - dataserver-2 30 1.4461199045181274
client - DEBUG - Smallest epoch changed, evaluating epoch 30...
client - DEBUG - Evaluating the model snapshoted at 30...
client - DEBUG - dataserver-0 31 0.9638075232505798
client_f1_epoch - INFO - 30,0.5478
client - DEBUG - Snapshoted model at 0:18:32.717435, will evaluate soon...
client - DEBUG - Evaluating the model snapshoted at 0:18:32.717435...
client - INFO - 0:18:32.717435,0.5493
client - DEBUG - dataserver-1 33 0.8343644738197327
client - DEBUG - Snapshoted model at 0:18:48.011633, will evaluate soon...
client - DEBUG - Evaluating the model snapshoted at 0:18:48.011633...
client - INFO - 0:18:48.011633,0.5525
client - DEBUG - dataserver-3 33 0.8288815021514893
client - DEBUG - dataserver-0 32 1.4080406427383423
client - DEBUG - dataserver-2 31 1.435988426208496
client - DEBUG - Smallest epoch changed, evaluating epoch 31...
client - DEBUG - Evaluating the model snapshoted at 31...
client_f1_epoch - INFO - 31,0.5723
client - DEBUG - Snapshoted model at 0:19:03.373593, will evaluate soon...
client - DEBUG - Evaluating the model snapshoted at 0:19:03.373593...
client - INFO - 0:19:03.373593,0.5723
client - DEBUG - Snapshoted model at 0:19:18.656198, will evaluate soon...
client - DEBUG - Evaluating the model snapshoted at 0:19:18.656198...
client - INFO - 0:19:18.656198,0.5723
client - DEBUG - dataserver-1 34 1.314781904220581
client - DEBUG - dataserver-3 34 0.8658748269081116
client - DEBUG - dataserver-2 32 1.0707917213439941
client - DEBUG - Smallest epoch changed, evaluating epoch 32...
client - DEBUG - Evaluating the model snapshoted at 32...
client - DEBUG - Snapshoted model at 0:19:35.330942, will evaluate soon...
client - DEBUG - dataserver-0 33 0.9843740463256836
client_f1_epoch - INFO - 32,0.6267
client - DEBUG - Evaluating the model snapshoted at 0:19:35.330942...
client - INFO - 0:19:35.330942,0.6267
client - DEBUG - Snapshoted model at 0:19:51.075278, will evaluate soon...
client - DEBUG - Evaluating the model snapshoted at 0:19:51.075278...
client - INFO - 0:19:51.075278,0.6236
client - DEBUG - dataserver-1 35 1.2358944416046143
client - DEBUG - Snapshoted model at 0:20:06.457481, will evaluate soon...
client - DEBUG - Evaluating the model snapshoted at 0:20:06.457481...
client - DEBUG - dataserver-3 35 0.9248067140579224
client - INFO - 0:20:06.457481,0.6197
client - DEBUG - dataserver-2 33 1.18429696559906
client - DEBUG - Smallest epoch changed, evaluating epoch 33...
client - DEBUG - dataserver-0 34 0.9523354768753052
client - DEBUG - Evaluating the model snapshoted at 33...
client_f1_epoch - INFO - 33,0.6121
client - DEBUG - Snapshoted model at 0:20:21.815848, will evaluate soon...
client - DEBUG - Evaluating the model snapshoted at 0:20:21.815848...
client - INFO - 0:20:21.815848,0.6279
client - DEBUG - dataserver-1 36 1.0122119188308716
client - DEBUG - Snapshoted model at 0:20:38.509361, will evaluate soon...
client - DEBUG - Evaluating the model snapshoted at 0:20:38.509361...
client - DEBUG - dataserver-3 36 0.8777623772621155
client - INFO - 0:20:38.509361,0.618
client - DEBUG - dataserver-2 34 1.2764798402786255
client - DEBUG - Smallest epoch changed, evaluating epoch 34...
client - DEBUG - Evaluating the model snapshoted at 34...
client - DEBUG - dataserver-0 35 1.3052420616149902
client_f1_epoch - INFO - 34,0.6343
client - DEBUG - Snapshoted model at 0:20:53.827541, will evaluate soon...
client - DEBUG - Evaluating the model snapshoted at 0:20:53.827541...
client - INFO - 0:20:53.827541,0.6088
client - DEBUG - dataserver-1 37 1.1520012617111206
client - DEBUG - Snapshoted model at 0:21:09.380665, will evaluate soon...
client - DEBUG - Evaluating the model snapshoted at 0:21:09.380665...
client - INFO - 0:21:09.380665,0.5469
client - DEBUG - dataserver-3 37 0.6706179976463318
client - DEBUG - dataserver-2 35 1.2258110046386719
client - DEBUG - Smallest epoch changed, evaluating epoch 35...
client - DEBUG - Evaluating the model snapshoted at 35...
client_f1_epoch - INFO - 35,0.507
client - DEBUG - Snapshoted model at 0:21:25.078067, will evaluate soon...
client - DEBUG - dataserver-0 36 1.0886492729187012
client - DEBUG - Evaluating the model snapshoted at 0:21:25.078067...
client - INFO - 0:21:25.078067,0.507
client - DEBUG - dataserver-1 38 0.8981617093086243
client - DEBUG - Snapshoted model at 0:21:40.611845, will evaluate soon...
client - DEBUG - Evaluating the model snapshoted at 0:21:40.611845...
client - INFO - 0:21:40.611845,0.5086
client - DEBUG - Snapshoted model at 0:21:56.284761, will evaluate soon...
client - DEBUG - Evaluating the model snapshoted at 0:21:56.284761...
client - DEBUG - dataserver-3 38 0.9344692230224609
client - DEBUG - dataserver-2 36 1.1039327383041382
client - DEBUG - Smallest epoch changed, evaluating epoch 36...
client - INFO - 0:21:56.284761,0.5086
client - DEBUG - Evaluating the model snapshoted at 36...
client_f1_epoch - INFO - 36,0.5899
client - DEBUG - dataserver-0 37 1.1688443422317505
client - DEBUG - Snapshoted model at 0:22:12.074856, will evaluate soon...
client - DEBUG - Evaluating the model snapshoted at 0:22:12.074856...
client - INFO - 0:22:12.074856,0.6179
client - DEBUG - dataserver-1 39 1.1077214479446411
client - DEBUG - Snapshoted model at 0:22:28.581672, will evaluate soon...
client - DEBUG - Evaluating the model snapshoted at 0:22:28.581672...
client - INFO - 0:22:28.581672,0.667
client - DEBUG - dataserver-3 39 0.8629899024963379
client - DEBUG - dataserver-2 37 1.1304458379745483
client - DEBUG - Smallest epoch changed, evaluating epoch 37...
client - DEBUG - Evaluating the model snapshoted at 37...
client - DEBUG - dataserver-0 38 0.9064363837242126
client_f1_epoch - INFO - 37,0.6387
client - DEBUG - Snapshoted model at 0:22:44.349225, will evaluate soon...
client - DEBUG - Evaluating the model snapshoted at 0:22:44.349225...
client - INFO - 0:22:44.349225,0.5855
client - DEBUG - dataserver-1 40 0.9236320853233337
client - DEBUG - Snapshoted model at 0:22:59.820973, will evaluate soon...
client - DEBUG - Evaluating the model snapshoted at 0:22:59.820973...
client - INFO - 0:22:59.820973,0.5984
client - DEBUG - dataserver-2 38 1.023202896118164
client - DEBUG - Smallest epoch changed, evaluating epoch 38...
client - DEBUG - dataserver-3 40 0.8214529752731323
client - DEBUG - Evaluating the model snapshoted at 38...
client_f1_epoch - INFO - 38,0.6473
client - DEBUG - Snapshoted model at 0:23:15.090684, will evaluate soon...
client - DEBUG - dataserver-0 39 0.9485881924629211
client - DEBUG - Evaluating the model snapshoted at 0:23:15.090684...
client - INFO - 0:23:15.090684,0.6635
client - DEBUG - Snapshoted model at 0:23:31.113403, will evaluate soon...
client - DEBUG - Evaluating the model snapshoted at 0:23:31.113403...
client - DEBUG - dataserver-1 41 0.9636259078979492
client - INFO - 0:23:31.113403,0.6835
client - DEBUG - dataserver-2 39 0.9442387223243713
client - DEBUG - Smallest epoch changed, evaluating epoch 39...
client - DEBUG - dataserver-3 41 0.5079502463340759
client - DEBUG - Evaluating the model snapshoted at 39...
client - DEBUG - Snapshoted model at 0:23:46.922656, will evaluate soon...
client_f1_epoch - INFO - 39,0.7034
client - DEBUG - Evaluating the model snapshoted at 0:23:46.922656...
client - DEBUG - dataserver-0 40 0.7525343298912048
client - INFO - 0:23:46.922656,0.7034
client - DEBUG - Snapshoted model at 0:24:02.818623, will evaluate soon...
client - DEBUG - Evaluating the model snapshoted at 0:24:02.818623...
client - DEBUG - dataserver-1 42 1.0374029874801636
client - INFO - 0:24:02.818623,0.7084
client - DEBUG - dataserver-3 42 0.6383215188980103
client - DEBUG - Snapshoted model at 0:24:18.509928, will evaluate soon...
client - DEBUG - Evaluating the model snapshoted at 0:24:18.509928...
client - INFO - 0:24:18.509928,0.7177
client - DEBUG - dataserver-2 40 1.1215137243270874
client - DEBUG - Smallest epoch changed, evaluating epoch 40...
client - DEBUG - Evaluating the model snapshoted at 40...
client_f1_epoch - INFO - 40,0.6972
client - DEBUG - dataserver-0 41 0.6562318205833435
client - DEBUG - Snapshoted model at 0:24:33.715813, will evaluate soon...
client - DEBUG - Evaluating the model snapshoted at 0:24:33.715813...
client - INFO - 0:24:33.715813,0.6984
client - DEBUG - Snapshoted model at 0:24:49.481709, will evaluate soon...
client - DEBUG - dataserver-1 43 0.721332311630249
client - DEBUG - dataserver-3 43 0.23901480436325073
client - DEBUG - Evaluating the model snapshoted at 0:24:49.481709...
client - INFO - 0:24:49.481709,0.6984
client - DEBUG - Snapshoted model at 0:25:05.036197, will evaluate soon...
client - DEBUG - dataserver-0 42 0.9192184805870056
client - DEBUG - dataserver-2 41 0.9684697985649109
client - DEBUG - Smallest epoch changed, evaluating epoch 41...
client - DEBUG - Evaluating the model snapshoted at 0:25:05.036197...
client - INFO - 0:25:05.036197,0.7003
client - DEBUG - Evaluating the model snapshoted at 41...
client_f1_epoch - INFO - 41,0.6521
client - DEBUG - Snapshoted model at 0:25:20.894565, will evaluate soon...
client - DEBUG - Evaluating the model snapshoted at 0:25:20.894565...
client - INFO - 0:25:20.894565,0.6521
client - DEBUG - dataserver-1 44 0.7422434091567993
client - DEBUG - dataserver-3 44 0.5695344805717468
client - DEBUG - Snapshoted model at 0:25:36.844573, will evaluate soon...
client - DEBUG - Evaluating the model snapshoted at 0:25:36.844573...
client - INFO - 0:25:36.844573,0.6667
client - DEBUG - dataserver-0 43 0.5861414670944214
client - DEBUG - dataserver-2 42 0.8739264011383057
client - DEBUG - Smallest epoch changed, evaluating epoch 42...
client - DEBUG - Evaluating the model snapshoted at 42...
client_f1_epoch - INFO - 42,0.6768
client - DEBUG - Snapshoted model at 0:25:52.673447, will evaluate soon...
client - DEBUG - Evaluating the model snapshoted at 0:25:52.673447...
client - INFO - 0:25:52.673447,0.6768
client - DEBUG - dataserver-3 45 0.986312210559845
client - DEBUG - dataserver-1 45 0.8428604006767273
client - DEBUG - Snapshoted model at 0:26:07.811597, will evaluate soon...
client - DEBUG - Evaluating the model snapshoted at 0:26:07.811597...
client - INFO - 0:26:07.811597,0.6761
client - DEBUG - dataserver-0 44 0.6283548474311829
client - DEBUG - dataserver-2 43 0.8679617047309875
client - DEBUG - Smallest epoch changed, evaluating epoch 43...
client - DEBUG - Evaluating the model snapshoted at 43...
client_f1_epoch - INFO - 43,0.6816
client - DEBUG - Snapshoted model at 0:26:23.369033, will evaluate soon...
client - DEBUG - Evaluating the model snapshoted at 0:26:23.369033...
client - INFO - 0:26:23.369033,0.6816
client - DEBUG - dataserver-3 46 0.34869539737701416
client - DEBUG - Snapshoted model at 0:26:39.121922, will evaluate soon...
client - DEBUG - Evaluating the model snapshoted at 0:26:39.121922...
client - INFO - 0:26:39.121922,0.6789
client - DEBUG - dataserver-1 46 0.9939920902252197
client - DEBUG - dataserver-0 45 0.8105100393295288
client - DEBUG - Snapshoted model at 0:26:54.462807, will evaluate soon...
client - DEBUG - Evaluating the model snapshoted at 0:26:54.462807...
client - DEBUG - dataserver-2 44 1.2825829982757568
client - DEBUG - Smallest epoch changed, evaluating epoch 44...
client - INFO - 0:26:54.462807,0.6364
client - DEBUG - Evaluating the model snapshoted at 44...
client_f1_epoch - INFO - 44,0.6404
client - DEBUG - Snapshoted model at 0:27:09.914734, will evaluate soon...
client - DEBUG - Evaluating the model snapshoted at 0:27:09.914734...
client - INFO - 0:27:09.914734,0.6404
client - DEBUG - dataserver-3 47 0.45634788274765015
client - DEBUG - Snapshoted model at 0:27:25.583507, will evaluate soon...
client - DEBUG - Evaluating the model snapshoted at 0:27:25.583507...
client - DEBUG - dataserver-1 47 0.5264080166816711
client - DEBUG - dataserver-0 46 0.934734582901001
client - INFO - 0:27:25.583507,0.6359
client - DEBUG - dataserver-2 45 0.9028185606002808
client - DEBUG - Smallest epoch changed, evaluating epoch 45...
client - DEBUG - Evaluating the model snapshoted at 45...
client_f1_epoch - INFO - 45,0.5705
client - DEBUG - Snapshoted model at 0:27:41.119265, will evaluate soon...
client - DEBUG - Evaluating the model snapshoted at 0:27:41.119265...
client - DEBUG - dataserver-3 48 1.0912775993347168
client - INFO - 0:27:41.119265,0.5705
client - DEBUG - Snapshoted model at 0:27:56.843513, will evaluate soon...
client - DEBUG - Evaluating the model snapshoted at 0:27:56.843513...
client - DEBUG - dataserver-0 47 1.002895474433899
client - INFO - 0:27:56.843513,0.6284
client - DEBUG - dataserver-1 48 1.3291778564453125
client - DEBUG - dataserver-2 46 1.0057399272918701
client - DEBUG - Smallest epoch changed, evaluating epoch 46...
client - DEBUG - Evaluating the model snapshoted at 46...
client_f1_epoch - INFO - 46,0.7135
client - DEBUG - Snapshoted model at 0:28:13.148519, will evaluate soon...
client - DEBUG - Evaluating the model snapshoted at 0:28:13.148519...
client - INFO - 0:28:13.148519,0.7135
client - DEBUG - dataserver-3 49 0.5408953428268433
client - DEBUG - Snapshoted model at 0:28:28.683722, will evaluate soon...
client - DEBUG - Evaluating the model snapshoted at 0:28:28.683722...
client - INFO - 0:28:28.683722,0.709
client - DEBUG - dataserver-0 48 0.7648974657058716
client - DEBUG - Snapshoted model at 0:28:44.880671, will evaluate soon...
client - DEBUG - dataserver-1 49 0.9430561661720276
client - DEBUG - dataserver-2 47 0.9646709561347961
client - DEBUG - Evaluating the model snapshoted at 0:28:44.880671...
client - DEBUG - Smallest epoch changed, evaluating epoch 47...
client - INFO - 0:28:44.880671,0.7313
client - DEBUG - Evaluating the model snapshoted at 47...
client_f1_epoch - INFO - 47,0.7383000000000001
client - DEBUG - dataserver-3 50 0.6334600448608398
client - DEBUG - Snapshoted model at 0:29:00.943666, will evaluate soon...
client - DEBUG - Evaluating the model snapshoted at 0:29:00.943666...
client - INFO - 0:29:00.943666,0.7328
client - DEBUG - dataserver-0 49 0.5250060558319092
client - DEBUG - Snapshoted model at 0:29:16.404023, will evaluate soon...
client - DEBUG - Evaluating the model snapshoted at 0:29:16.404023...
client - INFO - 0:29:16.404023,0.7154999999999999
client - DEBUG - dataserver-1 50 0.75067138671875
client - DEBUG - dataserver-2 48 1.093078851699829
client - DEBUG - Smallest epoch changed, evaluating epoch 48...
client - DEBUG - Evaluating the model snapshoted at 48...
client_f1_epoch - INFO - 48,0.702
client - DEBUG - dataserver-3 51 0.5663170218467712
client - DEBUG - Snapshoted model at 0:29:31.877570, will evaluate soon...
client - DEBUG - Evaluating the model snapshoted at 0:29:31.877570...
client - INFO - 0:29:31.877570,0.7451
client - DEBUG - dataserver-0 50 0.684022068977356
client - DEBUG - Snapshoted model at 0:29:47.668538, will evaluate soon...
client - DEBUG - Evaluating the model snapshoted at 0:29:47.668538...
client - INFO - 0:29:47.668538,0.7416000000000001
client - DEBUG - dataserver-2 49 0.6866450309753418
client - DEBUG - dataserver-1 51 0.7326869964599609
client - DEBUG - Smallest epoch changed, evaluating epoch 49...
client - DEBUG - Evaluating the model snapshoted at 49...
client_f1_epoch - INFO - 49,0.7173
client - DEBUG - dataserver-0 51 0.7642632126808167
client - DEBUG - Snapshoted model at 0:30:04.444328, will evaluate soon...
client - DEBUG - Evaluating the model snapshoted at 0:30:04.444328...
client - DEBUG - dataserver-3 52 0.46706682443618774
client - INFO - 0:30:04.444328,0.7168
client - DEBUG - Snapshoted model at 0:30:20.290403, will evaluate soon...
client - DEBUG - Evaluating the model snapshoted at 0:30:20.290403...
client - INFO - 0:30:20.290403,0.7168
client - DEBUG - dataserver-2 50 0.832123875617981
client - DEBUG - Smallest epoch changed, evaluating epoch 50...
client - DEBUG - dataserver-1 52 0.8260252475738525
client - DEBUG - Evaluating the model snapshoted at 50...
client - DEBUG - dataserver-0 52 0.5434800982475281
client - DEBUG - dataserver-3 53 0.36174264550209045
client_f1_epoch - INFO - 50,0.7408
client - DEBUG - Snapshoted model at 0:30:35.703119, will evaluate soon...
client - DEBUG - Evaluating the model snapshoted at 0:30:35.703119...
client - INFO - 0:30:35.703119,0.7038
client - DEBUG - Snapshoted model at 0:30:51.092616, will evaluate soon...
client - DEBUG - Evaluating the model snapshoted at 0:30:51.092616...
client - INFO - 0:30:51.092616,0.7038
client - DEBUG - dataserver-1 53 0.8707068562507629
client - DEBUG - dataserver-2 51 0.7754906415939331
client - DEBUG - Smallest epoch changed, evaluating epoch 51...
client - DEBUG - Snapshoted model at 0:31:07.094986, will evaluate soon...
client - DEBUG - Evaluating the model snapshoted at 0:31:07.094986...
client - DEBUG - dataserver-0 53 0.442198783159256
client - DEBUG - dataserver-3 54 0.43142735958099365
client - INFO - 0:31:07.094986,0.7229
client - DEBUG - Evaluating the model snapshoted at 51...
client_f1_epoch - INFO - 51,0.7229
client - DEBUG - Snapshoted model at 0:31:22.783524, will evaluate soon...
client - DEBUG - dataserver-1 54 0.7549435496330261
client - DEBUG - Evaluating the model snapshoted at 0:31:22.783524...
client - INFO - 0:31:22.783524,0.7123
client - DEBUG - Snapshoted model at 0:31:39.368483, will evaluate soon...
client - DEBUG - dataserver-0 54 0.5553296208381653
client - DEBUG - Evaluating the model snapshoted at 0:31:39.368483...
client - DEBUG - dataserver-2 52 0.6712705492973328
client - DEBUG - Smallest epoch changed, evaluating epoch 52...
client - DEBUG - dataserver-3 55 0.3380204737186432
client - INFO - 0:31:39.368483,0.7133
client - DEBUG - Evaluating the model snapshoted at 52...
client_f1_epoch - INFO - 52,0.7329
client - DEBUG - Snapshoted model at 0:31:55.963866, will evaluate soon...
client - DEBUG - dataserver-1 55 0.5286850333213806
client - DEBUG - Evaluating the model snapshoted at 0:31:55.963866...
client - INFO - 0:31:55.963866,0.7329
client - DEBUG - dataserver-3 56 0.5562760829925537
client - DEBUG - Snapshoted model at 0:32:11.577080, will evaluate soon...
client - DEBUG - Evaluating the model snapshoted at 0:32:11.577080...
client - DEBUG - dataserver-0 55 0.4295341968536377
client - DEBUG - dataserver-2 53 0.7311618328094482
client - DEBUG - Smallest epoch changed, evaluating epoch 53...
client - INFO - 0:32:11.577080,0.7154
client - DEBUG - Evaluating the model snapshoted at 53...
client_f1_epoch - INFO - 53,0.7331
client - DEBUG - Snapshoted model at 0:32:27.807847, will evaluate soon...
client - DEBUG - Evaluating the model snapshoted at 0:32:27.807847...
client - DEBUG - dataserver-1 56 0.72032231092453
client - INFO - 0:32:27.807847,0.7331
client - DEBUG - Snapshoted model at 0:32:43.283622, will evaluate soon...
client - DEBUG - dataserver-3 57 0.30482354760169983
client - DEBUG - Evaluating the model snapshoted at 0:32:43.283622...
client - INFO - 0:32:43.283622,0.7176
client - DEBUG - dataserver-2 54 0.7334793210029602
client - DEBUG - Smallest epoch changed, evaluating epoch 54...
client - DEBUG - dataserver-0 56 0.6258469223976135
client - DEBUG - Evaluating the model snapshoted at 54...
client_f1_epoch - INFO - 54,0.6798
client - DEBUG - dataserver-1 57 0.8156600594520569
client - DEBUG - Snapshoted model at 0:32:58.663513, will evaluate soon...
client - DEBUG - Evaluating the model snapshoted at 0:32:58.663513...
client - INFO - 0:32:58.663513,0.7173
client - DEBUG - Snapshoted model at 0:33:14.277325, will evaluate soon...
client - DEBUG - dataserver-3 58 0.4871896803379059
client - DEBUG - Evaluating the model snapshoted at 0:33:14.277325...
client - DEBUG - dataserver-0 57 0.9107330441474915
client - INFO - 0:33:14.277325,0.7173
client - DEBUG - dataserver-2 55 0.6552971005439758
client - DEBUG - Smallest epoch changed, evaluating epoch 55...
client - DEBUG - Evaluating the model snapshoted at 55...
client_f1_epoch - INFO - 55,0.6993
client - DEBUG - dataserver-1 58 0.5278879404067993
client - DEBUG - Snapshoted model at 0:33:29.734405, will evaluate soon...
client - DEBUG - Evaluating the model snapshoted at 0:33:29.734405...
client - INFO - 0:33:29.734405,0.6943
client - DEBUG - dataserver-3 59 0.7390968203544617
client - DEBUG - Snapshoted model at 0:33:45.956300, will evaluate soon...
client - DEBUG - Evaluating the model snapshoted at 0:33:45.956300...
client - DEBUG - dataserver-2 56 0.9812242388725281
client - DEBUG - Smallest epoch changed, evaluating epoch 56...
client - INFO - 0:33:45.956300,0.7055
client - DEBUG - dataserver-0 58 0.6138522028923035
client - DEBUG - Evaluating the model snapshoted at 56...
client_f1_epoch - INFO - 56,0.7476
client - DEBUG - dataserver-1 59 0.8817326426506042
client - DEBUG - Snapshoted model at 0:34:01.242286, will evaluate soon...
client - DEBUG - Evaluating the model snapshoted at 0:34:01.242286...
client - INFO - 0:34:01.242286,0.7581000000000001
client - DEBUG - dataserver-3 60 0.494187593460083
client - DEBUG - Snapshoted model at 0:34:17.068347, will evaluate soon...
client - DEBUG - dataserver-2 57 0.9792700409889221
client - DEBUG - Smallest epoch changed, evaluating epoch 57...
client - DEBUG - Evaluating the model snapshoted at 0:34:17.068347...
client - INFO - 0:34:17.068347,0.7439
client - DEBUG - Evaluating the model snapshoted at 57...
client - DEBUG - dataserver-0 59 0.5828400254249573
client_f1_epoch - INFO - 57,0.7246
client - DEBUG - Snapshoted model at 0:34:32.888093, will evaluate soon...
client - DEBUG - Evaluating the model snapshoted at 0:34:32.888093...
client - INFO - 0:34:32.888093,0.7105
client - DEBUG - dataserver-1 60 0.8189038634300232
client - DEBUG - dataserver-3 61 0.25876787304878235
client - DEBUG - dataserver-2 58 0.8975085020065308
client - DEBUG - Smallest epoch changed, evaluating epoch 58...
client - DEBUG - Snapshoted model at 0:34:48.536373, will evaluate soon...
client - DEBUG - Evaluating the model snapshoted at 58...
client_f1_epoch - INFO - 58,0.7273
client - DEBUG - Evaluating the model snapshoted at 0:34:48.536373...
client - INFO - 0:34:48.536373,0.7273
client - DEBUG - dataserver-0 60 0.8475528955459595
client - DEBUG - Snapshoted model at 0:35:04.093732, will evaluate soon...
client - DEBUG - Evaluating the model snapshoted at 0:35:04.093732...
client - INFO - 0:35:04.093732,0.7084
client - DEBUG - dataserver-3 62 0.5013313293457031
client - DEBUG - dataserver-1 61 0.47152265906333923
client - DEBUG - dataserver-2 59 0.9548491835594177
client - DEBUG - Smallest epoch changed, evaluating epoch 59...
client - DEBUG - Evaluating the model snapshoted at 59...
client - DEBUG - Snapshoted model at 0:35:21.761352, will evaluate soon...
client_f1_epoch - INFO - 59,0.6985
client - DEBUG - Evaluating the model snapshoted at 0:35:21.761352...
client - INFO - 0:35:21.761352,0.6985
client - DEBUG - dataserver-0 61 0.6527547240257263
client - DEBUG - Snapshoted model at 0:35:37.248424, will evaluate soon...
client - DEBUG - Evaluating the model snapshoted at 0:35:37.248424...
client - INFO - 0:35:37.248424,0.6878
client - DEBUG - dataserver-3 63 0.3808938264846802
client - DEBUG - dataserver-1 62 0.6694235801696777
client - DEBUG - dataserver-2 60 1.0722403526306152
client - DEBUG - Smallest epoch changed, evaluating epoch 60...
client - DEBUG - Evaluating the model snapshoted at 60...
client - DEBUG - Snapshoted model at 0:35:52.793690, will evaluate soon...
client_f1_epoch - INFO - 60,0.7166
client - DEBUG - Evaluating the model snapshoted at 0:35:52.793690...
client - INFO - 0:35:52.793690,0.7166
client - DEBUG - dataserver-0 62 0.8096382021903992
client - DEBUG - Snapshoted model at 0:36:08.461734, will evaluate soon...
client - DEBUG - Evaluating the model snapshoted at 0:36:08.461734...
client - INFO - 0:36:08.461734,0.7063
client - DEBUG - dataserver-3 64 0.4128543436527252
client - DEBUG - dataserver-1 63 0.7234068512916565
client - DEBUG - dataserver-2 61 1.0656909942626953
client - DEBUG - Smallest epoch changed, evaluating epoch 61...
client - DEBUG - Evaluating the model snapshoted at 61...
client_f1_epoch - INFO - 61,0.7434
client - DEBUG - Snapshoted model at 0:36:24.929892, will evaluate soon...
client - DEBUG - Evaluating the model snapshoted at 0:36:24.929892...
client - INFO - 0:36:24.929892,0.7434
client - DEBUG - dataserver-0 63 0.6043623089790344
client - DEBUG - Snapshoted model at 0:36:40.753506, will evaluate soon...
client - DEBUG - Evaluating the model snapshoted at 0:36:40.753506...
client - DEBUG - dataserver-3 65 0.5908378958702087
client - INFO - 0:36:40.753506,0.7453
client - DEBUG - dataserver-1 64 0.6663774847984314
client - DEBUG - dataserver-2 62 0.6723419427871704
client - DEBUG - Smallest epoch changed, evaluating epoch 62...
client - DEBUG - Evaluating the model snapshoted at 62...
client_f1_epoch - INFO - 62,0.6441
client - DEBUG - Snapshoted model at 0:36:56.215889, will evaluate soon...
client - DEBUG - Evaluating the model snapshoted at 0:36:56.215889...
client - INFO - 0:36:56.215889,0.6441
client - DEBUG - dataserver-0 64 0.7168276309967041
client - DEBUG - Snapshoted model at 0:37:12.488421, will evaluate soon...
client - DEBUG - Evaluating the model snapshoted at 0:37:12.488421...
client - DEBUG - dataserver-3 66 0.3480263948440552
client - INFO - 0:37:12.488421,0.6815
client - DEBUG - dataserver-1 65 1.1300736665725708
client - DEBUG - dataserver-2 63 1.5193604230880737
client - DEBUG - Smallest epoch changed, evaluating epoch 63...
client - DEBUG - Evaluating the model snapshoted at 63...
client - DEBUG - Snapshoted model at 0:37:27.916475, will evaluate soon...
client_f1_epoch - INFO - 63,0.6569
client - DEBUG - Evaluating the model snapshoted at 0:37:27.916475...
client - INFO - 0:37:27.916475,0.6569
client - DEBUG - dataserver-0 65 0.7363718152046204
client - DEBUG - Snapshoted model at 0:37:43.487696, will evaluate soon...
client - DEBUG - Evaluating the model snapshoted at 0:37:43.487696...
client - DEBUG - dataserver-3 67 0.3471091091632843
client - INFO - 0:37:43.487696,0.6053
client - DEBUG - dataserver-2 64 0.7358267307281494
client - DEBUG - Smallest epoch changed, evaluating epoch 64...
client - DEBUG - Evaluating the model snapshoted at 64...
client - DEBUG - dataserver-1 66 0.5544002056121826
client - DEBUG - Snapshoted model at 0:37:59.138407, will evaluate soon...
client_f1_epoch - INFO - 64,0.5785
client - DEBUG - Evaluating the model snapshoted at 0:37:59.138407...
client - INFO - 0:37:59.138407,0.6168
client - DEBUG - dataserver-0 66 0.9204624891281128
client - DEBUG - Snapshoted model at 0:38:14.589110, will evaluate soon...
client - DEBUG - Evaluating the model snapshoted at 0:38:14.589110...
client - DEBUG - dataserver-3 68 0.7680578827857971
client - INFO - 0:38:14.589110,0.6539
client - DEBUG - dataserver-2 65 1.0623104572296143
client - DEBUG - Smallest epoch changed, evaluating epoch 65...
client - DEBUG - Snapshoted model at 0:38:29.847660, will evaluate soon...
client - DEBUG - Evaluating the model snapshoted at 65...
client - DEBUG - dataserver-1 67 1.36031973361969
client_f1_epoch - INFO - 65,0.7081
client - DEBUG - Evaluating the model snapshoted at 0:38:29.847660...
client - INFO - 0:38:29.847660,0.7081
client - DEBUG - Snapshoted model at 0:38:46.201841, will evaluate soon...
client - DEBUG - Evaluating the model snapshoted at 0:38:46.201841...
client - DEBUG - dataserver-0 67 0.8357146978378296
client - DEBUG - dataserver-3 69 0.6596989035606384
client - INFO - 0:38:46.201841,0.7067
client - DEBUG - Snapshoted model at 0:39:02.034520, will evaluate soon...
client - DEBUG - Evaluating the model snapshoted at 0:39:02.034520...
client - INFO - 0:39:02.034520,0.6879
client - DEBUG - dataserver-2 66 0.9030425548553467
client - DEBUG - Smallest epoch changed, evaluating epoch 66...
client - DEBUG - dataserver-1 68 0.8413947224617004
client - DEBUG - Evaluating the model snapshoted at 66...
client_f1_epoch - INFO - 66,0.6722
client - DEBUG - Snapshoted model at 0:39:17.600776, will evaluate soon...
client - DEBUG - Evaluating the model snapshoted at 0:39:17.600776...
client - INFO - 0:39:17.600776,0.6838
client - DEBUG - dataserver-3 70 0.6403060555458069
client - DEBUG - dataserver-0 68 0.8133007884025574
client - DEBUG - Snapshoted model at 0:39:33.788459, will evaluate soon...
client - DEBUG - Evaluating the model snapshoted at 0:39:33.788459...
client - INFO - 0:39:33.788459,0.7103
client - DEBUG - dataserver-1 69 0.9370348453521729
client - DEBUG - dataserver-2 67 1.1375406980514526
client - DEBUG - Smallest epoch changed, evaluating epoch 67...
client - DEBUG - Evaluating the model snapshoted at 67...
client - DEBUG - Snapshoted model at 0:39:49.107710, will evaluate soon...
client_f1_epoch - INFO - 67,0.7589000000000001
client - DEBUG - Evaluating the model snapshoted at 0:39:49.107710...
client - INFO - 0:39:49.107710,0.7589000000000001
client - DEBUG - dataserver-3 71 0.22469326853752136
client - DEBUG - Snapshoted model at 0:40:04.700250, will evaluate soon...
client - DEBUG - Evaluating the model snapshoted at 0:40:04.700250...
client - INFO - 0:40:04.700250,0.7613
client - DEBUG - dataserver-0 69 0.7955962419509888
client - DEBUG - dataserver-1 70 0.5305547714233398
client - DEBUG - Snapshoted model at 0:40:20.219579, will evaluate soon...
client - DEBUG - Evaluating the model snapshoted at 0:40:20.219579...
client - INFO - 0:40:20.219579,0.7186
client - DEBUG - dataserver-2 68 0.8798573017120361
client - DEBUG - Smallest epoch changed, evaluating epoch 68...
client - DEBUG - Evaluating the model snapshoted at 68...
client_f1_epoch - INFO - 68,0.7242
client - DEBUG - dataserver-3 72 0.35629841685295105
client - DEBUG - Snapshoted model at 0:40:35.953832, will evaluate soon...
client - DEBUG - Evaluating the model snapshoted at 0:40:35.953832...
client - INFO - 0:40:35.953832,0.7403000000000001
client - DEBUG - dataserver-0 70 0.7382943630218506
client - DEBUG - Snapshoted model at 0:40:51.930029, will evaluate soon...
client - DEBUG - dataserver-1 71 0.7933800220489502
client - DEBUG - Evaluating the model snapshoted at 0:40:51.930029...
client - INFO - 0:40:51.930029,0.7539000000000001
client - DEBUG - dataserver-2 69 0.8023442029953003
client - DEBUG - Smallest epoch changed, evaluating epoch 69...
client - DEBUG - Evaluating the model snapshoted at 69...
client - DEBUG - dataserver-3 73 0.6908056139945984
client_f1_epoch - INFO - 69,0.7299999999999999
client - DEBUG - Snapshoted model at 0:41:08.479730, will evaluate soon...
client - DEBUG - Evaluating the model snapshoted at 0:41:08.479730...
client - INFO - 0:41:08.479730,0.7067
client - DEBUG - dataserver-0 71 0.6633734703063965
client - DEBUG - Snapshoted model at 0:41:24.031529, will evaluate soon...
client - DEBUG - Evaluating the model snapshoted at 0:41:24.031529...
client - INFO - 0:41:24.031529,0.7001
client - DEBUG - dataserver-1 72 0.5996437668800354
client - DEBUG - Snapshoted model at 0:41:39.378422, will evaluate soon...
client - DEBUG - Evaluating the model snapshoted at 0:41:39.378422...
client - INFO - 0:41:39.378422,0.6967
client - DEBUG - dataserver-2 70 0.861875593662262
client - DEBUG - Smallest epoch changed, evaluating epoch 70...
client - DEBUG - dataserver-3 74 0.52704918384552
client - DEBUG - Evaluating the model snapshoted at 70...
client_f1_epoch - INFO - 70,0.7307
client - DEBUG - Snapshoted model at 0:41:55.017972, will evaluate soon...
client - DEBUG - Evaluating the model snapshoted at 0:41:55.017972...
client - DEBUG - dataserver-0 72 0.8923696279525757
client - INFO - 0:41:55.017972,0.7302
client - DEBUG - dataserver-1 73 0.8706096410751343
client - DEBUG - Snapshoted model at 0:42:11.716500, will evaluate soon...
client - DEBUG - Evaluating the model snapshoted at 0:42:11.716500...
client - INFO - 0:42:11.716500,0.7275000000000001
client - DEBUG - dataserver-2 71 0.8243502378463745
client - DEBUG - Smallest epoch changed, evaluating epoch 71...
client - DEBUG - Snapshoted model at 0:42:27.160477, will evaluate soon...
client - DEBUG - Evaluating the model snapshoted at 71...
client - DEBUG - dataserver-3 75 0.45143455266952515
client_f1_epoch - INFO - 71,0.6751
client - DEBUG - Evaluating the model snapshoted at 0:42:27.160477...
client - INFO - 0:42:27.160477,0.6751
client - DEBUG - dataserver-0 73 0.6251361966133118
client - DEBUG - dataserver-1 74 1.1877233982086182
client - DEBUG - Snapshoted model at 0:42:43.628739, will evaluate soon...
client - DEBUG - Evaluating the model snapshoted at 0:42:43.628739...
client - INFO - 0:42:43.628739,0.7205999999999999
client - DEBUG - Snapshoted model at 0:42:59.084154, will evaluate soon...
client - DEBUG - Evaluating the model snapshoted at 0:42:59.084154...
client - INFO - 0:42:59.084154,0.7205999999999999
client - DEBUG - dataserver-2 72 0.9329972863197327
client - DEBUG - Smallest epoch changed, evaluating epoch 72...
client - DEBUG - Evaluating the model snapshoted at 72...
client_f1_epoch - INFO - 72,0.7579999999999999
client - DEBUG - dataserver-3 76 0.4404502809047699
client - DEBUG - Snapshoted model at 0:43:14.654341, will evaluate soon...
client - DEBUG - Evaluating the model snapshoted at 0:43:14.654341...
client - DEBUG - dataserver-0 74 0.7526332139968872
client - INFO - 0:43:14.654341,0.7702000000000001
client - DEBUG - dataserver-1 75 0.5783520936965942
client - DEBUG - Snapshoted model at 0:43:30.236968, will evaluate soon...
client - DEBUG - Evaluating the model snapshoted at 0:43:30.236968...
client - INFO - 0:43:30.236968,0.7250999999999999
client - DEBUG - dataserver-2 73 0.9103604555130005
client - DEBUG - Smallest epoch changed, evaluating epoch 73...
client - DEBUG - Evaluating the model snapshoted at 73...
client - DEBUG - Snapshoted model at 0:43:45.493094, will evaluate soon...
client - DEBUG - dataserver-3 77 0.48993852734565735
client_f1_epoch - INFO - 73,0.7084
client - DEBUG - Evaluating the model snapshoted at 0:43:45.493094...
client - INFO - 0:43:45.493094,0.7084
client - DEBUG - dataserver-0 75 0.6983292698860168
client - DEBUG - dataserver-1 76 0.5181541442871094
client - DEBUG - Snapshoted model at 0:44:01.253632, will evaluate soon...
client - DEBUG - Evaluating the model snapshoted at 0:44:01.253632...
client - INFO - 0:44:01.253632,0.7313
client - DEBUG - Snapshoted model at 0:44:16.888132, will evaluate soon...
client - DEBUG - Evaluating the model snapshoted at 0:44:16.888132...
client - INFO - 0:44:16.888132,0.7313
client - DEBUG - dataserver-2 74 0.8075234293937683
client - DEBUG - Smallest epoch changed, evaluating epoch 74...
client - DEBUG - Evaluating the model snapshoted at 74...
client - DEBUG - dataserver-3 78 0.43871212005615234
client_f1_epoch - INFO - 74,0.7438
client - DEBUG - Snapshoted model at 0:44:32.755704, will evaluate soon...
client - DEBUG - dataserver-0 76 0.6238988637924194
client - DEBUG - Evaluating the model snapshoted at 0:44:32.755704...
client - DEBUG - dataserver-1 77 0.7495313286781311
client - INFO - 0:44:32.755704,0.7299999999999999
client - DEBUG - Snapshoted model at 0:44:49.894162, will evaluate soon...
client - DEBUG - Evaluating the model snapshoted at 0:44:49.894162...
client - INFO - 0:44:49.894162,0.7451
client - DEBUG - dataserver-2 75 0.8773103952407837
client - DEBUG - Smallest epoch changed, evaluating epoch 75...
client - DEBUG - Evaluating the model snapshoted at 75...
client_f1_epoch - INFO - 75,0.7235
client - DEBUG - dataserver-3 79 0.3060069680213928
client - DEBUG - Snapshoted model at 0:45:05.866642, will evaluate soon...
client - DEBUG - Evaluating the model snapshoted at 0:45:05.866642...
client - INFO - 0:45:05.866642,0.7372
client - DEBUG - dataserver-0 77 0.7628712058067322
client - DEBUG - dataserver-1 78 0.5814806818962097
client - DEBUG - Snapshoted model at 0:45:21.309592, will evaluate soon...
client - DEBUG - Evaluating the model snapshoted at 0:45:21.309592...
client - INFO - 0:45:21.309592,0.7112
client - DEBUG - dataserver-2 76 0.6751702427864075
client - DEBUG - Smallest epoch changed, evaluating epoch 76...
client - DEBUG - Evaluating the model snapshoted at 76...
client_f1_epoch - INFO - 76,0.6974
client - DEBUG - Snapshoted model at 0:45:37.336685, will evaluate soon...
client - DEBUG - dataserver-3 80 0.4045206308364868
client - DEBUG - Evaluating the model snapshoted at 0:45:37.336685...
client - INFO - 0:45:37.336685,0.6974
client - DEBUG - dataserver-1 79 0.5117778778076172
client - DEBUG - dataserver-0 78 0.636035144329071
client - DEBUG - Snapshoted model at 0:45:53.567130, will evaluate soon...
client - DEBUG - Evaluating the model snapshoted at 0:45:53.567130...
client - INFO - 0:45:53.567130,0.7577000000000002
client - DEBUG - dataserver-2 77 0.6917961835861206
client - DEBUG - Smallest epoch changed, evaluating epoch 77...
client - DEBUG - Evaluating the model snapshoted at 77...
client_f1_epoch - INFO - 77,0.7629
client - DEBUG - Snapshoted model at 0:46:09.061584, will evaluate soon...
client - DEBUG - Evaluating the model snapshoted at 0:46:09.061584...
client - DEBUG - dataserver-3 81 0.7416862845420837
client - INFO - 0:46:09.061584,0.7629
client - DEBUG - Snapshoted model at 0:46:24.671384, will evaluate soon...
client - DEBUG - Evaluating the model snapshoted at 0:46:24.671384...
client - DEBUG - dataserver-0 79 0.7160374522209167
client - INFO - 0:46:24.671384,0.7769
client - DEBUG - dataserver-1 80 0.3330276310443878
client - DEBUG - dataserver-2 78 0.8077833652496338
client - DEBUG - Smallest epoch changed, evaluating epoch 78...
client - DEBUG - Evaluating the model snapshoted at 78...
client - DEBUG - Snapshoted model at 0:46:41.043632, will evaluate soon...
client_f1_epoch - INFO - 78,0.7534
client - DEBUG - Evaluating the model snapshoted at 0:46:41.043632...
client - INFO - 0:46:41.043632,0.7534
client - DEBUG - dataserver-3 82 0.540172278881073
client - DEBUG - Snapshoted model at 0:46:56.620919, will evaluate soon...
client - DEBUG - dataserver-0 80 0.6290541887283325
client - DEBUG - Evaluating the model snapshoted at 0:46:56.620919...
client - INFO - 0:46:56.620919,0.7459
client - DEBUG - Snapshoted model at 0:47:12.165338, will evaluate soon...
client - DEBUG - dataserver-2 79 0.9278754591941833
client - DEBUG - Smallest epoch changed, evaluating epoch 79...
client - DEBUG - dataserver-1 81 0.7814254760742188
client - DEBUG - Evaluating the model snapshoted at 0:47:12.165338...
client - INFO - 0:47:12.165338,0.7462999999999999
client - DEBUG - dataserver-3 83 0.3736531138420105
client - DEBUG - Evaluating the model snapshoted at 79...
client_f1_epoch - INFO - 79,0.7272
client - DEBUG - dataserver-0 81 0.4618387520313263
client - DEBUG - Snapshoted model at 0:47:28.098737, will evaluate soon...
client - DEBUG - Evaluating the model snapshoted at 0:47:28.098737...
client - INFO - 0:47:28.098737,0.7112
client - DEBUG - dataserver-1 82 0.5133604407310486
client - DEBUG - dataserver-2 80 0.727146327495575
client - DEBUG - Smallest epoch changed, evaluating epoch 80...
client - DEBUG - Snapshoted model at 0:47:44.485876, will evaluate soon...
client - DEBUG - Evaluating the model snapshoted at 0:47:44.485876...
client - INFO - 0:47:44.485876,0.7205999999999999
client - DEBUG - dataserver-3 84 0.7538682222366333
client - DEBUG - Evaluating the model snapshoted at 80...
client_f1_epoch - INFO - 80,0.7205999999999999
client - DEBUG - dataserver-0 82 0.9977050423622131
client - DEBUG - Snapshoted model at 0:47:59.991224, will evaluate soon...
client - DEBUG - Evaluating the model snapshoted at 0:47:59.991224...
client - INFO - 0:47:59.991224,0.7585
client - DEBUG - dataserver-1 83 0.547626256942749
client - DEBUG - dataserver-2 81 0.6755463480949402
client - DEBUG - Smallest epoch changed, evaluating epoch 81...
client - DEBUG - Snapshoted model at 0:48:15.457933, will evaluate soon...
client - DEBUG - Evaluating the model snapshoted at 81...
client_f1_epoch - INFO - 81,0.7471
client - DEBUG - Evaluating the model snapshoted at 0:48:15.457933...
client - DEBUG - dataserver-3 85 0.3085814416408539
client - INFO - 0:48:15.457933,0.7471
client - DEBUG - dataserver-0 83 0.4675658643245697
client - DEBUG - Snapshoted model at 0:48:31.163712, will evaluate soon...
client - DEBUG - Evaluating the model snapshoted at 0:48:31.163712...
client - INFO - 0:48:31.163712,0.7539000000000001
client - DEBUG - Snapshoted model at 0:48:47.529840, will evaluate soon...
client - DEBUG - Evaluating the model snapshoted at 0:48:47.529840...
client - DEBUG - dataserver-1 84 0.5795539617538452
client - INFO - 0:48:47.529840,0.7539000000000001
client - DEBUG - dataserver-2 82 0.9261471629142761
client - DEBUG - Smallest epoch changed, evaluating epoch 82...
client - DEBUG - dataserver-3 86 0.14344780147075653
client - DEBUG - Evaluating the model snapshoted at 82...
client_f1_epoch - INFO - 82,0.7799
client - DEBUG - dataserver-0 84 0.498041033744812
client - DEBUG - Snapshoted model at 0:49:03.022169, will evaluate soon...
client - DEBUG - Evaluating the model snapshoted at 0:49:03.022169...
client - INFO - 0:49:03.022169,0.7796
client - DEBUG - dataserver-1 85 0.7540481090545654
client - DEBUG - Snapshoted model at 0:49:21.659108, will evaluate soon...
client - DEBUG - Evaluating the model snapshoted at 0:49:21.659108...
client - DEBUG - dataserver-2 83 0.7999116778373718
client - DEBUG - Smallest epoch changed, evaluating epoch 83...
client - DEBUG - dataserver-0 85 0.4370694160461426
client - DEBUG - dataserver-3 87 0.46855103969573975
client - INFO - 0:49:21.659108,0.765
client - DEBUG - Evaluating the model snapshoted at 83...
client_f1_epoch - INFO - 83,0.7727
client - DEBUG - Snapshoted model at 0:49:38.469885, will evaluate soon...
client - DEBUG - Evaluating the model snapshoted at 0:49:38.469885...
client - INFO - 0:49:38.469885,0.7776
client - DEBUG - dataserver-1 86 0.7373629212379456
client - DEBUG - Snapshoted model at 0:49:54.543046, will evaluate soon...
client - DEBUG - Evaluating the model snapshoted at 0:49:54.543046...
client - INFO - 0:49:54.543046,0.7435
client - DEBUG - dataserver-2 84 0.9426536560058594
client - DEBUG - Smallest epoch changed, evaluating epoch 84...
client - DEBUG - dataserver-3 88 0.2716044485569
client - DEBUG - dataserver-0 86 0.5869696140289307
client - DEBUG - Evaluating the model snapshoted at 84...
client_f1_epoch - INFO - 84,0.7319
client - DEBUG - dataserver-1 87 0.723422110080719
client - DEBUG - Snapshoted model at 0:50:10.335349, will evaluate soon...
client - DEBUG - Evaluating the model snapshoted at 0:50:10.335349...
client - INFO - 0:50:10.335349,0.7181
client - DEBUG - Snapshoted model at 0:50:25.967633, will evaluate soon...
client - DEBUG - Evaluating the model snapshoted at 0:50:25.967633...
client - INFO - 0:50:25.967633,0.7181
client - DEBUG - dataserver-0 87 0.8568356037139893
client - DEBUG - dataserver-2 85 0.8779265284538269
client - DEBUG - dataserver-3 89 0.6249193549156189
client - DEBUG - Smallest epoch changed, evaluating epoch 85...
client - DEBUG - Evaluating the model snapshoted at 85...
client - DEBUG - dataserver-1 88 0.8782099485397339
client_f1_epoch - INFO - 85,0.7633
client - DEBUG - Snapshoted model at 0:50:41.789836, will evaluate soon...
client - DEBUG - Evaluating the model snapshoted at 0:50:41.789836...
client - INFO - 0:50:41.789836,0.7711
client - DEBUG - Snapshoted model at 0:50:57.082602, will evaluate soon...
client - DEBUG - dataserver-0 88 0.6401894092559814
client - DEBUG - Evaluating the model snapshoted at 0:50:57.082602...
client - INFO - 0:50:57.082602,0.7711
client - DEBUG - dataserver-3 90 0.4303278923034668
client - DEBUG - dataserver-1 89 0.614046573638916
client - DEBUG - dataserver-2 86 0.91796875
client - DEBUG - Smallest epoch changed, evaluating epoch 86...
client - DEBUG - Evaluating the model snapshoted at 86...
client_f1_epoch - INFO - 86,0.7286
client - DEBUG - Snapshoted model at 0:51:12.516628, will evaluate soon...
client - DEBUG - Evaluating the model snapshoted at 0:51:12.516628...
client - INFO - 0:51:12.516628,0.7286
client - DEBUG - dataserver-0 89 0.6250869631767273
client - DEBUG - Snapshoted model at 0:51:28.484309, will evaluate soon...
client - DEBUG - Evaluating the model snapshoted at 0:51:28.484309...
client - INFO - 0:51:28.484309,0.7255
client - DEBUG - dataserver-3 91 0.3242962658405304
client - DEBUG - dataserver-1 90 0.5841803550720215
client - DEBUG - dataserver-2 87 0.8966328501701355
client - DEBUG - Smallest epoch changed, evaluating epoch 87...
client - DEBUG - Evaluating the model snapshoted at 87...
client_f1_epoch - INFO - 87,0.7779
client - DEBUG - Snapshoted model at 0:51:45.572362, will evaluate soon...
client - DEBUG - Evaluating the model snapshoted at 0:51:45.572362...
client - INFO - 0:51:45.572362,0.7779
client - DEBUG - dataserver-0 90 0.8531152009963989
client - DEBUG - Snapshoted model at 0:52:01.887732, will evaluate soon...
client - DEBUG - Evaluating the model snapshoted at 0:52:01.887732...
client - INFO - 0:52:01.887732,0.7602
client - DEBUG - dataserver-3 92 0.2670838236808777
client - DEBUG - dataserver-1 91 0.5195116400718689
client - DEBUG - dataserver-2 88 0.6902515888214111
client - DEBUG - Smallest epoch changed, evaluating epoch 88...
client - DEBUG - Evaluating the model snapshoted at 88...
client_f1_epoch - INFO - 88,0.7223
client - DEBUG - Snapshoted model at 0:52:17.904457, will evaluate soon...
client - DEBUG - Evaluating the model snapshoted at 0:52:17.904457...
client - DEBUG - dataserver-0 91 0.46640971302986145
client - INFO - 0:52:17.904457,0.7223
client - DEBUG - Snapshoted model at 0:52:34.791075, will evaluate soon...
client - DEBUG - Evaluating the model snapshoted at 0:52:34.791075...
client - INFO - 0:52:34.791075,0.7298000000000001
client - DEBUG - dataserver-3 93 0.774876594543457
client - DEBUG - dataserver-1 92 0.5081678628921509
client - DEBUG - dataserver-2 89 0.7254663705825806
client - DEBUG - Smallest epoch changed, evaluating epoch 89...
client - DEBUG - Evaluating the model snapshoted at 89...
client - DEBUG - Snapshoted model at 0:52:50.947420, will evaluate soon...
client_f1_epoch - INFO - 89,0.7731
client - DEBUG - Evaluating the model snapshoted at 0:52:50.947420...
client - DEBUG - dataserver-0 92 0.7128379940986633
client - INFO - 0:52:50.947420,0.7731
client - DEBUG - Snapshoted model at 0:53:06.640067, will evaluate soon...
client - DEBUG - Evaluating the model snapshoted at 0:53:06.640067...
client - INFO - 0:53:06.640067,0.7446
client - DEBUG - dataserver-3 94 0.5505058765411377
client - DEBUG - dataserver-1 93 0.6910008192062378
client - DEBUG - Snapshoted model at 0:53:22.021325, will evaluate soon...
client - DEBUG - Evaluating the model snapshoted at 0:53:22.021325...
client - DEBUG - dataserver-2 90 0.6651991009712219
client - DEBUG - Smallest epoch changed, evaluating epoch 90...
client - DEBUG - dataserver-0 93 0.7434093952178955
client - INFO - 0:53:22.021325,0.7596
client - DEBUG - Evaluating the model snapshoted at 90...
client_f1_epoch - INFO - 90,0.7383000000000001
client - DEBUG - Snapshoted model at 0:53:37.651248, will evaluate soon...
client - DEBUG - Evaluating the model snapshoted at 0:53:37.651248...
client - INFO - 0:53:37.651248,0.7383000000000001
client - DEBUG - dataserver-3 95 0.2769445478916168
client - DEBUG - dataserver-1 94 0.6429790258407593
client - DEBUG - dataserver-0 94 0.7737283706665039
client - DEBUG - Snapshoted model at 0:53:53.725555, will evaluate soon...
client - DEBUG - Evaluating the model snapshoted at 0:53:53.725555...
client - INFO - 0:53:53.725555,0.7942
client - DEBUG - dataserver-2 91 1.0700043439865112
client - DEBUG - Smallest epoch changed, evaluating epoch 91...
client - DEBUG - Evaluating the model snapshoted at 91...
client_f1_epoch - INFO - 91,0.7546
client - DEBUG - Snapshoted model at 0:54:09.348048, will evaluate soon...
client - DEBUG - Evaluating the model snapshoted at 0:54:09.348048...
client - INFO - 0:54:09.348048,0.7546
client - DEBUG - dataserver-3 96 0.34125715494155884
client - DEBUG - dataserver-1 95 0.7390333414077759
client - DEBUG - Snapshoted model at 0:54:27.147955, will evaluate soon...
client - DEBUG - Evaluating the model snapshoted at 0:54:27.147955...
client - INFO - 0:54:27.147955,0.6968
client - DEBUG - dataserver-2 92 0.8510124683380127
client - DEBUG - Smallest epoch changed, evaluating epoch 92...
client - DEBUG - dataserver-0 95 0.6677876114845276
client - DEBUG - Evaluating the model snapshoted at 92...
client_f1_epoch - INFO - 92,0.6705
client - DEBUG - Snapshoted model at 0:54:42.895937, will evaluate soon...
client - DEBUG - Evaluating the model snapshoted at 0:54:42.895937...
client - INFO - 0:54:42.895937,0.6705
client - DEBUG - dataserver-3 97 0.9519379734992981
client - DEBUG - Snapshoted model at 0:54:58.700035, will evaluate soon...
client - DEBUG - Evaluating the model snapshoted at 0:54:58.700035...
client - DEBUG - dataserver-1 96 0.6523804664611816
client - INFO - 0:54:58.700035,0.688
client - DEBUG - dataserver-2 93 0.8105060458183289
client - DEBUG - Smallest epoch changed, evaluating epoch 93...
client - DEBUG - Evaluating the model snapshoted at 93...
client_f1_epoch - INFO - 93,0.7764
client - DEBUG - dataserver-0 96 0.8124337792396545
client - DEBUG - Snapshoted model at 0:55:14.612646, will evaluate soon...
client - DEBUG - Evaluating the model snapshoted at 0:55:14.612646...
client - INFO - 0:55:14.612646,0.7609
client - DEBUG - Snapshoted model at 0:55:30.313091, will evaluate soon...
client - DEBUG - dataserver-3 98 0.5469682812690735
client - DEBUG - Evaluating the model snapshoted at 0:55:30.313091...
client - INFO - 0:55:30.313091,0.7609
client - DEBUG - dataserver-1 97 0.5507427453994751
client - DEBUG - dataserver-2 94 0.7375080585479736
client - DEBUG - Smallest epoch changed, evaluating epoch 94...
client - DEBUG - Evaluating the model snapshoted at 94...
client_f1_epoch - INFO - 94,0.7614
client - DEBUG - dataserver-0 97 0.7346310615539551
client - DEBUG - Snapshoted model at 0:55:45.888815, will evaluate soon...
client - DEBUG - Evaluating the model snapshoted at 0:55:45.888815...
client - INFO - 0:55:45.888815,0.7709
client - DEBUG - Snapshoted model at 0:56:01.465844, will evaluate soon...
client - DEBUG - Evaluating the model snapshoted at 0:56:01.465844...
client - INFO - 0:56:01.465844,0.7709
client - DEBUG - dataserver-3 99 0.405137300491333
client - DEBUG - dataserver-1 98 0.6295560598373413
client - DEBUG - Snapshoted model at 0:56:17.170866, will evaluate soon...
client - DEBUG - Evaluating the model snapshoted at 0:56:17.170866...
client - DEBUG - dataserver-2 95 0.5722351670265198
client - DEBUG - Smallest epoch changed, evaluating epoch 95...
client - INFO - 0:56:17.170866,0.7917
client - DEBUG - Evaluating the model snapshoted at 95...
client - DEBUG - dataserver-0 98 0.4871842563152313
client_f1_epoch - INFO - 95,0.8019
client - DEBUG - Snapshoted model at 0:56:32.658265, will evaluate soon...
client - DEBUG - Evaluating the model snapshoted at 0:56:32.658265...
client - INFO - 0:56:32.658265,0.7890000000000001
client - DEBUG - dataserver-1 99 0.41632911562919617
client - DEBUG - dataserver-3 100 0.3588736057281494
client - DEBUG - Snapshoted model at 0:56:48.788529, will evaluate soon...
client - DEBUG - Evaluating the model snapshoted at 0:56:48.788529...
client - INFO - 0:56:48.788529,0.7813
client - DEBUG - dataserver-2 96 0.9196645617485046
client - DEBUG - Smallest epoch changed, evaluating epoch 96...
client - DEBUG - dataserver-0 99 0.4191446602344513
client - DEBUG - Evaluating the model snapshoted at 96...
client_f1_epoch - INFO - 96,0.7591000000000001
client - DEBUG - Snapshoted model at 0:57:04.424681, will evaluate soon...
client - DEBUG - Evaluating the model snapshoted at 0:57:04.424681...
client - INFO - 0:57:04.424681,0.7481000000000001
client - DEBUG - dataserver-3 101 0.40585222840309143
client - DEBUG - Snapshoted model at 0:57:20.240774, will evaluate soon...
client - DEBUG - Evaluating the model snapshoted at 0:57:20.240774...
client - DEBUG - dataserver-1 100 0.6652694344520569
client - INFO - 0:57:20.240774,0.7367000000000001
client - DEBUG - dataserver-2 97 0.7313171625137329
client - DEBUG - Smallest epoch changed, evaluating epoch 97...
client - DEBUG - dataserver-0 100 0.7080022692680359
client - DEBUG - Evaluating the model snapshoted at 97...
client_f1_epoch - INFO - 97,0.7571
client - DEBUG - Snapshoted model at 0:57:36.081881, will evaluate soon...
client - DEBUG - Evaluating the model snapshoted at 0:57:36.081881...
client - INFO - 0:57:36.081881,0.7571
client - DEBUG - Snapshoted model at 0:57:52.074495, will evaluate soon...
client - DEBUG - Evaluating the model snapshoted at 0:57:52.074495...
client - DEBUG - dataserver-3 102 0.3589093089103699
client - INFO - 0:57:52.074495,0.7571
client - DEBUG - dataserver-1 101 0.5006058812141418
client - DEBUG - dataserver-0 101 0.6798597574234009
client - DEBUG - Snapshoted model at 0:58:07.676336, will evaluate soon...
client - DEBUG - dataserver-2 98 0.9490904808044434
client - DEBUG - Smallest epoch changed, evaluating epoch 98...
client - DEBUG - Evaluating the model snapshoted at 0:58:07.676336...
client - INFO - 0:58:07.676336,0.7722000000000001
client - DEBUG - Evaluating the model snapshoted at 98...
client_f1_epoch - INFO - 98,0.8012
client - DEBUG - Snapshoted model at 0:58:23.379019, will evaluate soon...
client - DEBUG - Evaluating the model snapshoted at 0:58:23.379019...
client - INFO - 0:58:23.379019,0.8012
client - DEBUG - dataserver-3 103 0.354631632566452
client - DEBUG - dataserver-1 102 0.5508321523666382
client - DEBUG - Snapshoted model at 0:58:40.381067, will evaluate soon...
client - DEBUG - Evaluating the model snapshoted at 0:58:40.381067...
client - INFO - 0:58:40.381067,0.8075
client - DEBUG - dataserver-0 102 0.6315037608146667
client - DEBUG - dataserver-2 99 0.8789383172988892
client - DEBUG - Smallest epoch changed, evaluating epoch 99...
client - DEBUG - Evaluating the model snapshoted at 99...
client_f1_epoch - INFO - 99,0.7846
client - DEBUG - Snapshoted model at 0:58:55.780297, will evaluate soon...
client - DEBUG - Evaluating the model snapshoted at 0:58:55.780297...
client - INFO - 0:58:55.780297,0.7846
client - DEBUG - dataserver-3 104 0.4340868592262268
client - DEBUG - dataserver-1 103 0.3502028286457062
client - DEBUG - Snapshoted model at 0:59:11.452060, will evaluate soon...
client - DEBUG - Evaluating the model snapshoted at 0:59:11.452060...
client - INFO - 0:59:11.452060,0.7983
client - DEBUG - dataserver-2 100 0.7764519453048706
client - DEBUG - Smallest epoch changed, evaluating epoch 100...
client - DEBUG - Evaluating the model snapshoted at 100...
client - DEBUG - dataserver-0 103 0.5142143368721008
client_f1_epoch - INFO - 100,0.8037000000000001
client - DEBUG - Snapshoted model at 0:59:27.655477, will evaluate soon...
client - DEBUG - Evaluating the model snapshoted at 0:59:27.655477...
client - INFO - 0:59:27.655477,0.807
client - DEBUG - Snapshoted model at 0:59:43.210719, will evaluate soon...
client - DEBUG - Evaluating the model snapshoted at 0:59:43.210719...
client - INFO - 0:59:43.210719,0.807
client - DEBUG - dataserver-1 104 0.3856360912322998
client - DEBUG - dataserver-3 105 0.24170365929603577
client - DEBUG - dataserver-2 101 0.7506864070892334
client - DEBUG - Smallest epoch changed, evaluating epoch 101...
client - DEBUG - Snapshoted model at 0:59:59.319294, will evaluate soon...
client - DEBUG - Evaluating the model snapshoted at 101...
client_f1_epoch - INFO - 101,0.7832
client - DEBUG - dataserver-0 104 0.6387913823127747
client - DEBUG - Evaluating the model snapshoted at 0:59:59.319294...
client - INFO - 0:59:59.319294,0.7832
client - DEBUG - No further evaluation needed
client - DEBUG - dataserver-1 105 0.3846610188484192
client - DEBUG - dataserver-3 106 0.20035216212272644
client - DEBUG - dataserver-0 105 0.3662037253379822
client - DEBUG - dataserver-2 102 0.688926100730896
client - DEBUG - Smallest epoch changed, evaluating epoch 102...
client - INFO - thread_name,train_loop_ttot,train_ttot,stale_ttot,train_loop_tavg,train_tavg,stale_tavg
client - INFO - dataserver-2, 3634.3298099999997, 3571.836997, 0.001985, 3634.3298099999997, 35.0180097745098, 1.9460784313725487e-05
client - INFO - dataserver-0, 3634.320135, 3607.799133, 0.001432, 3634.320135, 34.35999174285714, 1.3638095238095238e-05
client - INFO - dataserver-3, 3630.684648, 3604.884329, 0.0013469999999999999, 3630.684648, 34.008342726415094, 1.270754716981132e-05
client - INFO - dataserver-1, 3628.9356869999997, 3605.703005, 0.0014249999999999998, 3628.9356869999997, 34.340028619047615, 1.357142857142857e-05
client - INFO - largest_stale: 6
Traceback (most recent call last):
  File "/root/miniconda3/envs/torch024/lib/python3.8/multiprocessing/resource_sharer.py", line 142, in _serve
    with self._listener.accept() as conn:
  File "/root/miniconda3/envs/torch024/lib/python3.8/multiprocessing/connection.py", line 465, in accept
    deliver_challenge(c, self._authkey)
  File "/root/miniconda3/envs/torch024/lib/python3.8/multiprocessing/connection.py", line 740, in deliver_challenge
    response = connection.recv_bytes(256)        # reject large message
  File "/root/miniconda3/envs/torch024/lib/python3.8/multiprocessing/connection.py", line 216, in recv_bytes
    buf = self._recv_bytes(maxlength)
  File "/root/miniconda3/envs/torch024/lib/python3.8/multiprocessing/connection.py", line 414, in _recv_bytes
    buf = self._recv(4)
  File "/root/miniconda3/envs/torch024/lib/python3.8/multiprocessing/connection.py", line 379, in _recv
Restoring network...
RTNETLINK answers: Operation not permitted
Forcefully shutting servers down...
